<?xml version="1.0" encoding="UTF-8"?>
<!-- Generated by org.testng.reporters.JUnitReportReporter -->
<testsuite hostname="LAPTOP-EVT0P56Q" failures="0" tests="4" name="api.tests.Usertest" time="8.344" errors="0" timestamp="2023-10-03T23:19:16 IST" skipped="0">
  <testcase classname="api.tests.Usertest" name="TestPostUser" time="3.111"/>
  <system-out/>
  <testcase classname="api.tests.Usertest" name="TestGetUser" time="1.315"/>
  <system-out/>
  <testcase classname="api.tests.Usertest" name="TestupadteUser" time="2.644"/>
  <system-out/>
  <testcase classname="api.tests.Usertest" name="TestdeleteUser" time="1.274"/>
  <system-out/>
</testsuite> <!-- api.tests.Usertest -->
