<?xml version="1.0" encoding="UTF-8"?>
<!-- Generated by org.testng.reporters.JUnitReportReporter -->
<testsuite hostname="LAPTOP-EVT0P56Q" failures="0" tests="4" name="api.tests.Usertest" time="9.240" errors="0" timestamp="2023-10-04T22:15:46 IST" skipped="0">
  <testcase classname="api.tests.Usertest" name="TestPostUser" time="3.373"/>
  <system-out/>
  <testcase classname="api.tests.Usertest" name="TestGetUser" time="1.449"/>
  <system-out/>
  <testcase classname="api.tests.Usertest" name="TestupadteUser" time="2.884"/>
  <system-out/>
  <testcase classname="api.tests.Usertest" name="TestdeleteUser" time="1.534"/>
  <system-out/>
</testsuite> <!-- api.tests.Usertest -->
